<?xml version="1.0" encoding="UTF-8"?>
<!-- Generated by org.testng.reporters.JUnitReportReporter -->
<testsuite hostname="DESKTOP-0LI3MR7" failures="0" tests="1" name="test.MyFirstTestClass" time="3.973" errors="0" timestamp="2023-06-30T20:47:07 COT" skipped="0">
  <testcase classname="test.MyFirstTestClass" name="loginTestCase" time="3.973"/>
  <system-out/>
</testsuite> <!-- test.MyFirstTestClass -->
